
[2016-04-12 10:07:22] Traceback (most recent call last):

  File "browser.py", line 600, in <module>
    browser_spawn()

  File "browser.py", line 591, in browser_spawn
    app = MyApp(False)

  File "C:\Python27\lib\site-packages\wx-3.0-msw\wx\_core.py", line 8628, in __init__
    self._BootstrapApp()

  File "C:\Python27\lib\site-packages\wx-3.0-msw\wx\_core.py", line 8196, in _BootstrapApp
    return _core_.PyApp__BootstrapApp(*args, **kwargs)

  File "browser.py", line 476, in OnInit
    self.mainFrame = MainFrame()

  File "browser.py", line 156, in __init__
    self.clientHandler._OnCertificateError)

AttributeError: ClientHandler instance has no attribute '_OnCertificateError'


[2016-04-12 10:17:07] Traceback (most recent call last):

  File "browser.py", line 506, in OnTimer
    cefpython.Work()

AttributeError: 'module' object has no attribute 'Work'


[2016-04-12 10:17:34] Traceback (most recent call last):

  File "browser.py", line 506, in OnTimer
    cefpython.Work()

AttributeError: 'module' object has no attribute 'Work'


[2016-04-14 16:11:16] Traceback (most recent call last):

  File "request_handler_cef3.pyx", line 84, in cefpython_py27.RequestHandler_OnBeforeResourceLoad (cefpython.cpp:49209)

  File "browser.py", line 292, in OnBeforeResourceLoad
    print("[talktown] RequestHandler::OnBeforeResourceLoad()")

IOError: [Errno 22] Invalid argument


[2016-04-14 16:11:16] Traceback (most recent call last):

  File "display_handler_cef3.pyx", line 100, in cefpython_py27.DisplayHandler_OnConsoleMessage (cefpython.cpp:43586)

  File "browser.py", line 271, in OnConsoleMessage
    print("[talktown] DisplayHandler::OnConsoleMessage()")

IOError: [Errno 22] Invalid argument


[2016-04-14 16:11:16] Traceback (most recent call last):

  File "request_handler_cef3.pyx", line 84, in cefpython_py27.RequestHandler_OnBeforeResourceLoad (cefpython.cpp:49209)

  File "browser.py", line 292, in OnBeforeResourceLoad
    print("[talktown] RequestHandler::OnBeforeResourceLoad()")

IOError: [Errno 22] Invalid argument


[2016-04-14 16:11:16] Traceback (most recent call last):

  File "display_handler_cef3.pyx", line 100, in cefpython_py27.DisplayHandler_OnConsoleMessage (cefpython.cpp:43586)

  File "browser.py", line 271, in OnConsoleMessage
    print("[talktown] DisplayHandler::OnConsoleMessage()")

IOError: [Errno 22] Invalid argument


[2016-04-14 16:11:16] Traceback (most recent call last):

  File "request_handler_cef3.pyx", line 84, in cefpython_py27.RequestHandler_OnBeforeResourceLoad (cefpython.cpp:49209)

  File "browser.py", line 292, in OnBeforeResourceLoad
    print("[talktown] RequestHandler::OnBeforeResourceLoad()")

IOError: [Errno 22] Invalid argument


[2016-04-14 16:11:16] Traceback (most recent call last):

  File "display_handler_cef3.pyx", line 100, in cefpython_py27.DisplayHandler_OnConsoleMessage (cefpython.cpp:43586)

  File "browser.py", line 271, in OnConsoleMessage
    print("[talktown] DisplayHandler::OnConsoleMessage()")

IOError: [Errno 22] Invalid argument


[2016-04-14 16:11:16] Traceback (most recent call last):

  File "request_handler_cef3.pyx", line 84, in cefpython_py27.RequestHandler_OnBeforeResourceLoad (cefpython.cpp:49209)

  File "browser.py", line 292, in OnBeforeResourceLoad
    print("[talktown] RequestHandler::OnBeforeResourceLoad()")

IOError: [Errno 22] Invalid argument


[2016-04-14 16:11:16] Traceback (most recent call last):

  File "display_handler_cef3.pyx", line 100, in cefpython_py27.DisplayHandler_OnConsoleMessage (cefpython.cpp:43586)

  File "browser.py", line 271, in OnConsoleMessage
    print("[talktown] DisplayHandler::OnConsoleMessage()")

IOError: [Errno 22] Invalid argument


[2016-04-14 16:11:16] Traceback (most recent call last):

  File "request_handler_cef3.pyx", line 84, in cefpython_py27.RequestHandler_OnBeforeResourceLoad (cefpython.cpp:49209)

  File "browser.py", line 292, in OnBeforeResourceLoad
    print("[talktown] RequestHandler::OnBeforeResourceLoad()")

IOError: [Errno 22] Invalid argument


[2016-04-14 16:11:16] Traceback (most recent call last):

  File "load_handler_cef3.pyx", line 17, in cefpython_py27.LoadHandler_OnLoadingStateChange (cefpython.cpp:59626)

  File "browser.py", line 381, in OnLoadingStateChange
    print("[cefhello] LoadHandler::OnLoadingStateChange()")

IOError: [Errno 22] Invalid argument


[2016-04-14 16:11:16] Traceback (most recent call last):

  File "request_handler_cef3.pyx", line 84, in cefpython_py27.RequestHandler_OnBeforeResourceLoad (cefpython.cpp:49209)

  File "browser.py", line 292, in OnBeforeResourceLoad
    print("[talktown] RequestHandler::OnBeforeResourceLoad()")

IOError: [Errno 22] Invalid argument


[2016-04-14 16:11:16] Traceback (most recent call last):

  File "load_handler_cef3.pyx", line 52, in cefpython_py27.LoadHandler_OnLoadEnd (cefpython.cpp:60218)

  File "browser.py", line 390, in OnLoadEnd
    print("[cefhello] LoadHandler::OnLoadEnd()")

IOError: [Errno 22] Invalid argument


[2016-04-14 16:11:16] Traceback (most recent call last):

  File "request_handler_cef3.pyx", line 84, in cefpython_py27.RequestHandler_OnBeforeResourceLoad (cefpython.cpp:49209)

  File "browser.py", line 292, in OnBeforeResourceLoad
    print("[talktown] RequestHandler::OnBeforeResourceLoad()")

IOError: [Errno 22] Invalid argument


[2016-04-14 16:11:16] Traceback (most recent call last):

  File "display_handler_cef3.pyx", line 100, in cefpython_py27.DisplayHandler_OnConsoleMessage (cefpython.cpp:43586)

  File "browser.py", line 271, in OnConsoleMessage
    print("[talktown] DisplayHandler::OnConsoleMessage()")

IOError: [Errno 22] Invalid argument


[2016-04-14 16:11:16] Traceback (most recent call last):

  File "display_handler_cef3.pyx", line 100, in cefpython_py27.DisplayHandler_OnConsoleMessage (cefpython.cpp:43586)

  File "browser.py", line 271, in OnConsoleMessage
    print("[talktown] DisplayHandler::OnConsoleMessage()")

IOError: [Errno 22] Invalid argument


[2016-04-14 16:11:16] Traceback (most recent call last):

  File "request_handler_cef3.pyx", line 84, in cefpython_py27.RequestHandler_OnBeforeResourceLoad (cefpython.cpp:49209)

  File "browser.py", line 292, in OnBeforeResourceLoad
    print("[talktown] RequestHandler::OnBeforeResourceLoad()")

IOError: [Errno 22] Invalid argument


[2016-04-14 16:11:16] Traceback (most recent call last):

  File "display_handler_cef3.pyx", line 100, in cefpython_py27.DisplayHandler_OnConsoleMessage (cefpython.cpp:43586)

  File "browser.py", line 271, in OnConsoleMessage
    print("[talktown] DisplayHandler::OnConsoleMessage()")

IOError: [Errno 22] Invalid argument


[2016-04-14 16:11:18] Traceback (most recent call last):

  File "browser.py", line 538, in OnExit
    print("[cefhello] MyApp.OnExit")

IOError: [Errno 22] Invalid argument


[2016-04-14 16:11:18] Traceback (most recent call last):

  File "browser.py", line 642, in <module>
    browser_spawn()

  File "browser.py", line 640, in browser_spawn
    cefpython.Shutdown()

  File "cefpython.pyx", line 472, in cefpython_py27.Shutdown (cefpython.cpp:78239)

  File "utils.pyx", line 43, in cefpython_py27.Debug (cefpython.cpp:5361)

IOError: [Errno 22] Invalid argument

